2020/09/11 11:48:39: |submitted: 0 |needed: 40 |waiting connection: 0 |requested: 10 
PROJECT            HOST                   PORT WAITING RUNNING COMPLETE WORKERS 

work_queue_worker: creating workspace /tmp/worker-45035-13105
work_queue_worker: creating workspace /tmp/worker-45035-13106
work_queue_worker: creating workspace /tmp/worker-45035-13103
work_queue_worker: creating workspace /tmp/worker-45035-13112
work_queue_worker: creating workspace /tmp/worker-45035-13104
work_queue_worker: creating workspace /tmp/worker-45035-13111
work_queue_worker: creating workspace /tmp/worker-45035-13107
work_queue_worker: creating workspace /tmp/worker-45035-13110
work_queue_worker: creating workspace /tmp/worker-45035-13109
work_queue_worker: creating workspace /tmp/worker-45035-13108
2020/09/11 11:49:14: |submitted: 10 |needed: 40 |waiting connection: 10 |requested: 10 
PROJECT            HOST                   PORT WAITING RUNNING COMPLETE WORKERS 

work_queue_worker: creating workspace /tmp/worker-45035-13225
work_queue_worker: creating workspace /tmp/worker-45035-13228
work_queue_worker: creating workspace /tmp/worker-45035-13224
work_queue_worker: creating workspace /tmp/worker-45035-13230
work_queue_worker: creating workspace /tmp/worker-45035-13227
work_queue_worker: creating workspace /tmp/worker-45035-13229
work_queue_worker: creating workspace /tmp/worker-45035-13232
work_queue_worker: creating workspace /tmp/worker-45035-13226
work_queue_worker: creating workspace /tmp/worker-45035-13231
work_queue_worker: creating workspace /tmp/worker-45035-13233
2020/09/11 11:49:50: |submitted: 20 |needed: 40 |waiting connection: 20 |requested: 0 
PROJECT            HOST                   PORT WAITING RUNNING COMPLETE WORKERS 

2020/09/11 11:50:26: |submitted: 20 |needed: 40 |waiting connection: 20 |requested: 0 
PROJECT            HOST                   PORT WAITING RUNNING COMPLETE WORKERS 

2020/09/11 11:51:02: |submitted: 20 |needed: 40 |waiting connection: 20 |requested: 0 
PROJECT            HOST                   PORT WAITING RUNNING COMPLETE WORKERS 

2020/09/11 11:51:37: |submitted: 20 |needed: 40 |waiting connection: 20 |requested: 0 
PROJECT            HOST                   PORT WAITING RUNNING COMPLETE WORKERS 

2020/09/11 11:52:13: |submitted: 20 |needed: 40 |waiting connection: 20 |requested: 0 
PROJECT            HOST                   PORT WAITING RUNNING COMPLETE WORKERS 

2020/09/11 11:52:49: |submitted: 20 |needed: 40 |waiting connection: 20 |requested: 0 
PROJECT            HOST                   PORT WAITING RUNNING COMPLETE WORKERS 

2020/09/11 11:53:25: |submitted: 20 |needed: 40 |waiting connection: 20 |requested: 0 
PROJECT            HOST                   PORT WAITING RUNNING COMPLETE WORKERS 

2020/09/11 11:54:00: |submitted: 20 |needed: 40 |waiting connection: 20 |requested: 0 
PROJECT            HOST                   PORT WAITING RUNNING COMPLETE WORKERS 

2020/09/11 11:54:36: |submitted: 20 |needed: 40 |waiting connection: 20 |requested: 0 
PROJECT            HOST                   PORT WAITING RUNNING COMPLETE WORKERS 

2020/09/11 11:55:12: |submitted: 20 |needed: 40 |waiting connection: 20 |requested: 0 
PROJECT            HOST                   PORT WAITING RUNNING COMPLETE WORKERS 

2020/09/11 11:55:47: |submitted: 20 |needed: 40 |waiting connection: 20 |requested: 0 
PROJECT            HOST                   PORT WAITING RUNNING COMPLETE WORKERS 

2020/09/11 11:56:23: |submitted: 20 |needed: 40 |waiting connection: 20 |requested: 0 
PROJECT            HOST                   PORT WAITING RUNNING COMPLETE WORKERS 

2020/09/11 11:56:58: |submitted: 20 |needed: 40 |waiting connection: 20 |requested: 0 
PROJECT            HOST                   PORT WAITING RUNNING COMPLETE WORKERS 

2020/09/11 11:57:34: |submitted: 20 |needed: 40 |waiting connection: 20 |requested: 0 
PROJECT            HOST                   PORT WAITING RUNNING COMPLETE WORKERS 

2020/09/11 11:58:10: |submitted: 20 |needed: 40 |waiting connection: 20 |requested: 0 
PROJECT            HOST                   PORT WAITING RUNNING COMPLETE WORKERS 

2020/09/11 11:58:45: |submitted: 20 |needed: 40 |waiting connection: 20 |requested: 0 
PROJECT            HOST                   PORT WAITING RUNNING COMPLETE WORKERS 

2020/09/11 11:59:21: |submitted: 20 |needed: 40 |waiting connection: 20 |requested: 0 
PROJECT            HOST                   PORT WAITING RUNNING COMPLETE WORKERS 

2020/09/11 11:59:57: |submitted: 20 |needed: 40 |waiting connection: 20 |requested: 0 
PROJECT            HOST                   PORT WAITING RUNNING COMPLETE WORKERS 

2020/09/11 12:00:32: |submitted: 20 |needed: 40 |waiting connection: 20 |requested: 0 
PROJECT            HOST                   PORT WAITING RUNNING COMPLETE WORKERS 

2020/09/11 12:01:08: |submitted: 20 |needed: 40 |waiting connection: 20 |requested: 0 
PROJECT            HOST                   PORT WAITING RUNNING COMPLETE WORKERS 

2020/09/11 12:01:44: |submitted: 20 |needed: 40 |waiting connection: 20 |requested: 0 
PROJECT            HOST                   PORT WAITING RUNNING COMPLETE WORKERS 

2020/09/11 12:02:19: |submitted: 20 |needed: 40 |waiting connection: 20 |requested: 0 
PROJECT            HOST                   PORT WAITING RUNNING COMPLETE WORKERS 

2020/09/11 12:02:55: |submitted: 20 |needed: 40 |waiting connection: 20 |requested: 0 
PROJECT            HOST                   PORT WAITING RUNNING COMPLETE WORKERS 

2020/09/11 12:03:30: |submitted: 20 |needed: 40 |waiting connection: 20 |requested: 0 
PROJECT            HOST                   PORT WAITING RUNNING COMPLETE WORKERS 

2020/09/11 12:03:51.91 work_queue_worker[13109] notice: stopping: could not connect after 900 seconds.
work_queue_worker: using 1 cores, 515861 MB memory, 1295409 MB disk, 0 gpus
work_queue_worker: deleting workspace /tmp/worker-45035-13109
2020/09/11 12:03:51.99 work_queue_worker[13103] notice: stopping: could not connect after 900 seconds.
work_queue_worker: using 1 cores, 515861 MB memory, 1295409 MB disk, 0 gpus
work_queue_worker: deleting workspace /tmp/worker-45035-13103
2020/09/11 12:03:52.07 work_queue_worker[13108] notice: stopping: could not connect after 900 seconds.
work_queue_worker: using 1 cores, 515861 MB memory, 1295409 MB disk, 0 gpus
work_queue_worker: deleting workspace /tmp/worker-45035-13108
2020/09/11 12:03:52.30 work_queue_worker[13111] notice: stopping: could not connect after 900 seconds.
work_queue_worker: using 1 cores, 515861 MB memory, 1295409 MB disk, 0 gpus
work_queue_worker: deleting workspace /tmp/worker-45035-13111
2020/09/11 12:03:52.38 work_queue_worker[13106] notice: stopping: could not connect after 900 seconds.
work_queue_worker: using 1 cores, 515861 MB memory, 1295409 MB disk, 0 gpus
work_queue_worker: deleting workspace /tmp/worker-45035-13106
2020/09/11 12:03:52.47 work_queue_worker[13105] notice: stopping: could not connect after 900 seconds.
work_queue_worker: using 1 cores, 515861 MB memory, 1295409 MB disk, 0 gpus
work_queue_worker: deleting workspace /tmp/worker-45035-13105
2020/09/11 12:03:52.50 work_queue_worker[13104] notice: stopping: could not connect after 900 seconds.
work_queue_worker: using 1 cores, 515861 MB memory, 1295409 MB disk, 0 gpus
work_queue_worker: deleting workspace /tmp/worker-45035-13104
2020/09/11 12:03:52.55 work_queue_worker[13110] notice: stopping: could not connect after 900 seconds.
work_queue_worker: using 1 cores, 515861 MB memory, 1295409 MB disk, 0 gpus
work_queue_worker: deleting workspace /tmp/worker-45035-13110
2020/09/11 12:03:52.74 work_queue_worker[13107] notice: stopping: could not connect after 900 seconds.
work_queue_worker: using 1 cores, 515861 MB memory, 1295409 MB disk, 0 gpus
work_queue_worker: deleting workspace /tmp/worker-45035-13107
2020/09/11 12:03:52.92 work_queue_worker[13112] notice: stopping: could not connect after 900 seconds.
work_queue_worker: using 1 cores, 515861 MB memory, 1295409 MB disk, 0 gpus
work_queue_worker: deleting workspace /tmp/worker-45035-13112
2020/09/11 12:04:06: |submitted: 20 |needed: 40 |waiting connection: 20 |requested: 0 
PROJECT            HOST                   PORT WAITING RUNNING COMPLETE WORKERS 

2020/09/11 12:04:27.67 work_queue_worker[13230] notice: stopping: could not connect after 900 seconds.
work_queue_worker: using 1 cores, 515861 MB memory, 1295409 MB disk, 0 gpus
work_queue_worker: deleting workspace /tmp/worker-45035-13230
2020/09/11 12:04:27.84 work_queue_worker[13231] notice: stopping: could not connect after 900 seconds.
work_queue_worker: using 1 cores, 515861 MB memory, 1295409 MB disk, 0 gpus
work_queue_worker: deleting workspace /tmp/worker-45035-13231
2020/09/11 12:04:27.88 work_queue_worker[13226] notice: stopping: could not connect after 900 seconds.
work_queue_worker: using 1 cores, 515861 MB memory, 1295409 MB disk, 0 gpus
work_queue_worker: deleting workspace /tmp/worker-45035-13226
2020/09/11 12:04:28.03 work_queue_worker[13229] notice: stopping: could not connect after 900 seconds.
work_queue_worker: using 1 cores, 515861 MB memory, 1295409 MB disk, 0 gpus
work_queue_worker: deleting workspace /tmp/worker-45035-13229
2020/09/11 12:04:28.13 work_queue_worker[13225] notice: stopping: could not connect after 900 seconds.
work_queue_worker: using 1 cores, 515861 MB memory, 1295409 MB disk, 0 gpus
work_queue_worker: deleting workspace /tmp/worker-45035-13225
2020/09/11 12:04:28.37 work_queue_worker[13233] notice: stopping: could not connect after 900 seconds.
work_queue_worker: using 1 cores, 515861 MB memory, 1295409 MB disk, 0 gpus
work_queue_worker: deleting workspace /tmp/worker-45035-13233
2020/09/11 12:04:28.45 work_queue_worker[13228] notice: stopping: could not connect after 900 seconds.
work_queue_worker: using 1 cores, 515861 MB memory, 1295409 MB disk, 0 gpus
work_queue_worker: deleting workspace /tmp/worker-45035-13228
2020/09/11 12:04:28.51 work_queue_worker[13232] notice: stopping: could not connect after 900 seconds.
work_queue_worker: using 1 cores, 515861 MB memory, 1295409 MB disk, 0 gpus
work_queue_worker: deleting workspace /tmp/worker-45035-13232
2020/09/11 12:04:28.56 work_queue_worker[13227] notice: stopping: could not connect after 900 seconds.
work_queue_worker: using 1 cores, 515861 MB memory, 1295409 MB disk, 0 gpus
work_queue_worker: deleting workspace /tmp/worker-45035-13227
2020/09/11 12:04:28.94 work_queue_worker[13224] notice: stopping: could not connect after 900 seconds.
work_queue_worker: using 1 cores, 515861 MB memory, 1295409 MB disk, 0 gpus
work_queue_worker: deleting workspace /tmp/worker-45035-13224
2020/09/11 12:04:42: |submitted: 10 |needed: 40 |waiting connection: 10 |requested: 10 
PROJECT            HOST                   PORT WAITING RUNNING COMPLETE WORKERS 

work_queue_worker: creating workspace /tmp/worker-45035-14107
work_queue_worker: creating workspace /tmp/worker-45035-14115
work_queue_worker: creating workspace /tmp/worker-45035-14114
work_queue_worker: creating workspace /tmp/worker-45035-14106
work_queue_worker: creating workspace /tmp/worker-45035-14108
work_queue_worker: creating workspace /tmp/worker-45035-14113
work_queue_worker: creating workspace /tmp/worker-45035-14109
work_queue_worker: creating workspace /tmp/worker-45035-14112
work_queue_worker: creating workspace /tmp/worker-45035-14111
work_queue_worker: creating workspace /tmp/worker-45035-14110
2020/09/11 12:05:18: |submitted: 10 |needed: 40 |waiting connection: 10 |requested: 10 
PROJECT            HOST                   PORT WAITING RUNNING COMPLETE WORKERS 

work_queue_worker: creating workspace /tmp/worker-45035-14239
work_queue_worker: creating workspace /tmp/worker-45035-14237
work_queue_worker: creating workspace /tmp/worker-45035-14240
work_queue_worker: creating workspace /tmp/worker-45035-14243
work_queue_worker: creating workspace /tmp/worker-45035-14245
work_queue_worker: creating workspace /tmp/worker-45035-14244
work_queue_worker: creating workspace /tmp/worker-45035-14238
work_queue_worker: creating workspace /tmp/worker-45035-14246
work_queue_worker: creating workspace /tmp/worker-45035-14241
work_queue_worker: creating workspace /tmp/worker-45035-14242
2020/09/11 12:05:53: |submitted: 20 |needed: 40 |waiting connection: 20 |requested: 0 
PROJECT            HOST                   PORT WAITING RUNNING COMPLETE WORKERS 

2020/09/11 12:06:29: |submitted: 20 |needed: 40 |waiting connection: 20 |requested: 0 
PROJECT            HOST                   PORT WAITING RUNNING COMPLETE WORKERS 

2020/09/11 12:07:05: |submitted: 20 |needed: 40 |waiting connection: 20 |requested: 0 
PROJECT            HOST                   PORT WAITING RUNNING COMPLETE WORKERS 

2020/09/11 12:07:40: |submitted: 20 |needed: 40 |waiting connection: 20 |requested: 0 
PROJECT            HOST                   PORT WAITING RUNNING COMPLETE WORKERS 

slurmstepd: error: *** JOB 123434 ON r2u14n1 CANCELLED AT 2020-09-11T12:07:55 ***
